[2024-03-07 15:01:59,971: INFO: main: Amogus sus]
[2024-03-07 16:46:55,181: INFO: common: yaml file: config\config.yaml loaded successfully]
[2024-03-07 16:46:55,192: INFO: common: yaml file: params.yaml loaded successfully]
[2024-03-07 16:46:55,197: INFO: common: yaml file: schema.yaml loaded successfully]
[2024-03-07 16:46:55,200: INFO: common: Directory created at: artifacts]
[2024-03-07 16:46:55,202: INFO: common: Directory created at: artifacts/data_ingestion]
[2024-03-07 16:46:56,163: INFO: 498749513: artifacts/data_ingestion/data.zip has been downloaded with following info: 
 Connection: close
Content-Length: 23329
Cache-Control: max-age=300
Content-Security-Policy: default-src 'none'; style-src 'unsafe-inline'; sandbox
Content-Type: application/zip
ETag: "c69888a4ae59bc5a893392785a938ccd4937981c06ba8a9d6a21aa52b4ab5b6e"
Strict-Transport-Security: max-age=31536000
X-Content-Type-Options: nosniff
X-Frame-Options: deny
X-XSS-Protection: 1; mode=block
X-GitHub-Request-Id: 3492:956EC:2154AA:295B6E:65E98D0F
Accept-Ranges: bytes
Date: Thu, 07 Mar 2024 09:46:56 GMT
Via: 1.1 varnish
X-Served-By: cache-qpg1265-QPG
X-Cache: MISS
X-Cache-Hits: 0
X-Timer: S1709804816.993882,VS0,VE312
Vary: Authorization,Accept-Encoding,Origin
Access-Control-Allow-Origin: *
Cross-Origin-Resource-Policy: cross-origin
X-Fastly-Request-ID: 9d7ed84c2b59ae53bd36b1be287f62bbed7d2af4
Expires: Thu, 07 Mar 2024 09:51:56 GMT
Source-Age: 0

]
[2024-03-07 16:48:05,806: INFO: common: yaml file: config\config.yaml loaded successfully]
[2024-03-07 16:48:05,808: INFO: common: yaml file: params.yaml loaded successfully]
[2024-03-07 16:48:05,810: INFO: common: yaml file: schema.yaml loaded successfully]
[2024-03-07 16:48:05,812: INFO: common: Directory created at: artifacts]
[2024-03-07 16:48:05,813: INFO: common: Directory created at: artifacts/data_ingestion]
[2024-03-07 16:48:33,460: INFO: common: yaml file: config\config.yaml loaded successfully]
[2024-03-07 16:48:33,463: INFO: common: yaml file: params.yaml loaded successfully]
[2024-03-07 16:48:33,465: INFO: common: yaml file: schema.yaml loaded successfully]
[2024-03-07 16:48:33,466: INFO: common: Directory created at: artifacts]
[2024-03-07 16:48:33,467: INFO: common: Directory created at: artifacts/data_ingestion]
[2024-03-07 16:48:33,469: INFO: 728256720: File already exists of size: ~ 23 KB]
[2024-03-07 16:48:59,584: INFO: common: yaml file: config\config.yaml loaded successfully]
[2024-03-07 16:48:59,586: INFO: common: yaml file: params.yaml loaded successfully]
[2024-03-07 16:48:59,588: INFO: common: yaml file: schema.yaml loaded successfully]
[2024-03-07 16:48:59,589: INFO: common: Directory created at: artifacts]
[2024-03-07 16:48:59,590: INFO: common: Directory created at: artifacts/data_ingestion]
[2024-03-07 16:49:27,355: INFO: common: yaml file: config\config.yaml loaded successfully]
[2024-03-07 16:49:27,357: INFO: common: yaml file: params.yaml loaded successfully]
[2024-03-07 16:49:27,359: INFO: common: yaml file: schema.yaml loaded successfully]
[2024-03-07 16:49:27,360: INFO: common: Directory created at: artifacts]
[2024-03-07 16:49:27,361: INFO: common: Directory created at: artifacts/data_ingestion]
[2024-03-07 16:49:27,363: INFO: 1474630251: File already exists of size: ~ 23 KB]
[2024-03-08 13:02:02,126: INFO: main: Amogus sus]
[2024-03-08 13:03:04,070: INFO: main: Amogus sus]
[2024-03-08 13:11:18,761: INFO: main: --- Stage Data Ingestion Stage started ---]
[2024-03-08 13:11:18,772: INFO: common: yaml file: config\config.yaml loaded successfully]
[2024-03-08 13:11:18,773: INFO: common: yaml file: params.yaml loaded successfully]
[2024-03-08 13:11:18,774: INFO: common: yaml file: schema.yaml loaded successfully]
[2024-03-08 13:11:18,774: INFO: common: Directory created at: artifacts]
[2024-03-08 13:11:18,774: INFO: common: Directory created at: artifacts/data_ingestion]
[2024-03-08 13:11:18,775: INFO: data_ingestion: File already exists of size: ~ 23 KB]
[2024-03-08 13:11:18,788: INFO: main: --- Stage Data Ingestion Stage completed ---]
[2024-03-08 13:58:19,213: INFO: common: yaml file: config\config.yaml loaded successfully]
[2024-03-08 13:58:19,217: INFO: common: yaml file: params.yaml loaded successfully]
[2024-03-08 13:58:19,227: INFO: common: yaml file: schema.yaml loaded successfully]
[2024-03-08 13:58:19,230: INFO: common: Directory created at: artifacts]
[2024-03-08 13:58:19,232: INFO: common: Directory created at: artifacts/data_validation]
[2024-03-08 16:15:09,371: INFO: common: yaml file: config\config.yaml loaded successfully]
[2024-03-08 16:15:09,373: INFO: common: yaml file: params.yaml loaded successfully]
[2024-03-08 16:15:09,376: INFO: common: yaml file: schema.yaml loaded successfully]
[2024-03-08 16:15:09,379: INFO: common: Directory created at: artifacts]
[2024-03-08 16:20:58,108: INFO: common: yaml file: config\config.yaml loaded successfully]
[2024-03-08 16:20:58,112: INFO: common: yaml file: params.yaml loaded successfully]
[2024-03-08 16:20:58,116: INFO: common: yaml file: schema.yaml loaded successfully]
[2024-03-08 16:20:58,118: INFO: common: Directory created at: artifacts]
[2024-03-08 16:21:04,331: INFO: common: yaml file: config\config.yaml loaded successfully]
[2024-03-08 16:21:04,333: INFO: common: yaml file: params.yaml loaded successfully]
[2024-03-08 16:21:04,336: INFO: common: yaml file: schema.yaml loaded successfully]
[2024-03-08 16:21:04,337: INFO: common: Directory created at: artifacts]
[2024-03-08 16:21:04,339: INFO: common: Directory created at: artifacts/data_transformation]
[2024-03-08 16:21:04,388: INFO: 2824400203: Input dataset splitted into train and test sets]
[2024-03-08 16:21:04,390: INFO: 2824400203: (1199, 12)]
[2024-03-08 16:21:04,391: INFO: 2824400203: (400, 12)]
[2024-03-08 16:49:37,897: INFO: main: --- Stage Data Ingestion Stage started ---]
[2024-03-08 16:49:37,900: INFO: common: yaml file: config\config.yaml loaded successfully]
[2024-03-08 16:49:37,901: INFO: common: yaml file: params.yaml loaded successfully]
[2024-03-08 16:49:37,903: INFO: common: yaml file: schema.yaml loaded successfully]
[2024-03-08 16:49:37,904: INFO: common: Directory created at: artifacts]
[2024-03-08 16:49:37,904: INFO: common: Directory created at: artifacts/data_ingestion]
[2024-03-08 16:49:37,905: INFO: data_ingestion: File already exists of size: ~ 23 KB]
[2024-03-08 16:49:37,908: INFO: main: --- Stage Data Ingestion Stage completed ---]
[2024-03-08 16:49:37,908: INFO: main: --- Stage Data Validation stage started ---]
[2024-03-08 16:49:37,910: INFO: common: yaml file: config\config.yaml loaded successfully]
[2024-03-08 16:49:37,911: INFO: common: yaml file: params.yaml loaded successfully]
[2024-03-08 16:49:37,913: INFO: common: yaml file: schema.yaml loaded successfully]
[2024-03-08 16:49:37,914: INFO: common: Directory created at: artifacts]
[2024-03-08 16:49:37,914: ERROR: main: 'ConfigurationManager' object has no attribute 'get_data_validation_config']
Traceback (most recent call last):
  File "C:\Users\ACER\MLFLow_DVC_Project\main.py", line 23, in <module>
    obj.main()
  File "c:\users\acer\mlflow_dvc_project\src\MLProject\pipeline\stage_02_data_validation.py", line 14, in main
    data_validation_config = config.get_data_validation_config()
                             ^^^^^^^^^^^^^^^^^^^^^^^^^^^^^^^^^
AttributeError: 'ConfigurationManager' object has no attribute 'get_data_validation_config'
[2024-03-08 16:50:59,538: INFO: main: --- Stage Data Ingestion Stage started ---]
[2024-03-08 16:50:59,541: INFO: common: yaml file: config\config.yaml loaded successfully]
[2024-03-08 16:50:59,542: INFO: common: yaml file: params.yaml loaded successfully]
[2024-03-08 16:50:59,544: INFO: common: yaml file: schema.yaml loaded successfully]
[2024-03-08 16:50:59,544: INFO: common: Directory created at: artifacts]
[2024-03-08 16:50:59,545: INFO: common: Directory created at: artifacts/data_ingestion]
[2024-03-08 16:50:59,546: INFO: data_ingestion: File already exists of size: ~ 23 KB]
[2024-03-08 16:50:59,551: INFO: main: --- Stage Data Ingestion Stage completed ---]
[2024-03-08 16:50:59,551: INFO: main: --- Stage Data Validation stage started ---]
[2024-03-08 16:50:59,553: INFO: common: yaml file: config\config.yaml loaded successfully]
[2024-03-08 16:50:59,554: INFO: common: yaml file: params.yaml loaded successfully]
[2024-03-08 16:50:59,557: INFO: common: yaml file: schema.yaml loaded successfully]
[2024-03-08 16:50:59,558: INFO: common: Directory created at: artifacts]
[2024-03-08 16:50:59,558: ERROR: main: 'ConfigurationManager' object has no attribute 'get_data_validation_config']
Traceback (most recent call last):
  File "C:\Users\ACER\MLFLow_DVC_Project\main.py", line 23, in <module>
    obj.main()
  File "c:\users\acer\mlflow_dvc_project\src\MLProject\pipeline\stage_02_data_validation.py", line 14, in main
    data_validation_config = config.get_data_validation_config()
                             ^^^^^^^^^^^^^^^^^^^^^^^^^^^^^^^^^
AttributeError: 'ConfigurationManager' object has no attribute 'get_data_validation_config'
[2024-03-08 16:54:27,609: INFO: main: --- Stage Data Ingestion Stage started ---]
[2024-03-08 16:54:27,616: INFO: common: yaml file: config\config.yaml loaded successfully]
[2024-03-08 16:54:27,618: INFO: common: yaml file: params.yaml loaded successfully]
[2024-03-08 16:54:27,622: INFO: common: yaml file: schema.yaml loaded successfully]
[2024-03-08 16:54:27,623: INFO: common: Directory created at: artifacts]
[2024-03-08 16:54:27,625: INFO: common: Directory created at: artifacts/data_ingestion]
[2024-03-08 16:54:27,626: INFO: data_ingestion: File already exists of size: ~ 23 KB]
[2024-03-08 16:54:27,634: INFO: main: --- Stage Data Ingestion Stage completed ---]
[2024-03-08 16:54:27,635: INFO: main: --- Stage Data Validation stage started ---]
[2024-03-08 16:54:27,638: INFO: common: yaml file: config\config.yaml loaded successfully]
[2024-03-08 16:54:27,642: INFO: common: yaml file: params.yaml loaded successfully]
[2024-03-08 16:54:27,646: INFO: common: yaml file: schema.yaml loaded successfully]
[2024-03-08 16:54:27,647: INFO: common: Directory created at: artifacts]
[2024-03-08 16:54:27,648: INFO: common: Directory created at: artifacts/data_validation]
[2024-03-08 16:54:27,695: INFO: main: --- Stage Data Validation stage completed ---]
[2024-03-08 16:54:27,695: INFO: main: --- Stage Data Transformation stage started ---]
[2024-03-08 16:54:27,706: ERROR: main: Invalid data]
Traceback (most recent call last):
  File "C:\Users\ACER\MLFLow_DVC_Project\main.py", line 36, in <module>
    obj.main()
  File "c:\users\acer\mlflow_dvc_project\src\MLProject\pipeline\stage_03_data_transformation.py", line 26, in main
    raise e
  File "c:\users\acer\mlflow_dvc_project\src\MLProject\pipeline\stage_03_data_transformation.py", line 24, in main
    raise Exception("Invalid data")
Exception: Invalid data
[2024-03-08 16:55:43,556: INFO: main: --- Stage Data Ingestion Stage started ---]
[2024-03-08 16:55:43,559: INFO: common: yaml file: config\config.yaml loaded successfully]
[2024-03-08 16:55:43,561: INFO: common: yaml file: params.yaml loaded successfully]
[2024-03-08 16:55:43,565: INFO: common: yaml file: schema.yaml loaded successfully]
[2024-03-08 16:55:43,567: INFO: common: Directory created at: artifacts]
[2024-03-08 16:55:43,568: INFO: common: Directory created at: artifacts/data_ingestion]
[2024-03-08 16:55:43,570: INFO: data_ingestion: File already exists of size: ~ 23 KB]
[2024-03-08 16:55:43,576: INFO: main: --- Stage Data Ingestion Stage completed ---]
[2024-03-08 16:55:43,577: INFO: main: --- Stage Data Validation stage started ---]
[2024-03-08 16:55:43,585: INFO: common: yaml file: config\config.yaml loaded successfully]
[2024-03-08 16:55:43,587: INFO: common: yaml file: params.yaml loaded successfully]
[2024-03-08 16:55:43,591: INFO: common: yaml file: schema.yaml loaded successfully]
[2024-03-08 16:55:43,592: INFO: common: Directory created at: artifacts]
[2024-03-08 16:55:43,593: INFO: common: Directory created at: artifacts/data_validation]
[2024-03-08 16:55:43,633: INFO: main: --- Stage Data Validation stage completed ---]
[2024-03-08 16:55:43,634: INFO: main: --- Stage Data Transformation stage started ---]
[2024-03-08 16:55:43,638: INFO: common: yaml file: config\config.yaml loaded successfully]
[2024-03-08 16:55:43,639: INFO: common: yaml file: params.yaml loaded successfully]
[2024-03-08 16:55:43,642: INFO: common: yaml file: schema.yaml loaded successfully]
[2024-03-08 16:55:43,643: INFO: common: Directory created at: artifacts]
[2024-03-08 16:55:43,643: INFO: common: Directory created at: artifacts/data_ingestion]
[2024-03-08 16:55:43,644: INFO: main: --- Stage Data Transformation stage completed ---]
[2024-03-08 16:55:43,644: INFO: main: --- Stage Data Transformation stage started ---]
[2024-03-08 16:55:43,644: INFO: main: --- Stage Data Transformation stage completed ---]
[2024-03-08 16:55:43,645: INFO: main: --- Stage Data Transformation stage started ---]
[2024-03-08 16:55:43,647: INFO: main: --- Stage Data Transformation stage completed ---]
[2024-03-08 17:02:37,421: INFO: main: --- Stage Data Ingestion Stage started ---]
[2024-03-08 17:02:37,424: INFO: common: yaml file: config\config.yaml loaded successfully]
[2024-03-08 17:02:37,425: INFO: common: yaml file: params.yaml loaded successfully]
[2024-03-08 17:02:37,428: INFO: common: yaml file: schema.yaml loaded successfully]
[2024-03-08 17:02:37,429: INFO: common: Directory created at: artifacts]
[2024-03-08 17:02:37,430: INFO: common: Directory created at: artifacts/data_ingestion]
[2024-03-08 17:02:37,431: INFO: data_ingestion: File already exists of size: ~ 23 KB]
[2024-03-08 17:02:37,435: INFO: main: --- Stage Data Ingestion Stage completed ---]
[2024-03-08 17:02:37,436: INFO: main: --- Stage Data Validation stage started ---]
[2024-03-08 17:02:37,439: INFO: common: yaml file: config\config.yaml loaded successfully]
[2024-03-08 17:02:37,441: INFO: common: yaml file: params.yaml loaded successfully]
[2024-03-08 17:02:37,443: INFO: common: yaml file: schema.yaml loaded successfully]
[2024-03-08 17:02:37,444: INFO: common: Directory created at: artifacts]
[2024-03-08 17:02:37,445: INFO: common: Directory created at: artifacts/data_validation]
[2024-03-08 17:02:37,473: INFO: main: --- Stage Data Validation stage completed ---]
[2024-03-08 17:02:37,474: INFO: main: --- Stage Data Transformation stage started ---]
[2024-03-08 17:02:37,478: INFO: common: yaml file: config\config.yaml loaded successfully]
[2024-03-08 17:02:37,479: INFO: common: yaml file: params.yaml loaded successfully]
[2024-03-08 17:02:37,483: INFO: common: yaml file: schema.yaml loaded successfully]
[2024-03-08 17:02:37,484: INFO: common: Directory created at: artifacts]
[2024-03-08 17:02:37,485: INFO: common: Directory created at: artifacts/data_ingestion]
[2024-03-08 17:02:37,486: INFO: main: --- Stage Data Transformation stage completed ---]
[2024-03-08 17:04:31,225: INFO: main: --- Stage Data Ingestion Stage started ---]
[2024-03-08 17:04:31,228: INFO: common: yaml file: config\config.yaml loaded successfully]
[2024-03-08 17:04:31,229: INFO: common: yaml file: params.yaml loaded successfully]
[2024-03-08 17:04:31,232: INFO: common: yaml file: schema.yaml loaded successfully]
[2024-03-08 17:04:31,233: INFO: common: Directory created at: artifacts]
[2024-03-08 17:04:31,234: INFO: common: Directory created at: artifacts/data_ingestion]
[2024-03-08 17:04:31,235: INFO: data_ingestion: File already exists of size: ~ 23 KB]
[2024-03-08 17:04:31,240: INFO: main: --- Stage Data Ingestion Stage completed ---]
[2024-03-08 17:04:31,240: INFO: main: --- Stage Data Validation stage started ---]
[2024-03-08 17:04:31,243: INFO: common: yaml file: config\config.yaml loaded successfully]
[2024-03-08 17:04:31,244: INFO: common: yaml file: params.yaml loaded successfully]
[2024-03-08 17:04:31,247: INFO: common: yaml file: schema.yaml loaded successfully]
[2024-03-08 17:04:31,249: INFO: common: Directory created at: artifacts]
[2024-03-08 17:04:31,250: INFO: common: Directory created at: artifacts/data_validation]
[2024-03-08 17:04:31,277: INFO: main: --- Stage Data Validation stage completed ---]
[2024-03-08 17:04:31,278: INFO: main: --- Stage Data Transformation stage started ---]
[2024-03-08 17:04:31,282: INFO: common: yaml file: config\config.yaml loaded successfully]
[2024-03-08 17:04:31,284: INFO: common: yaml file: params.yaml loaded successfully]
[2024-03-08 17:04:31,286: INFO: common: yaml file: schema.yaml loaded successfully]
[2024-03-08 17:04:31,287: INFO: common: Directory created at: artifacts]
[2024-03-08 17:04:31,288: INFO: common: Directory created at: artifacts/data_transformation]
[2024-03-08 17:04:31,317: INFO: data_transformation: Input dataset splitted into train and test sets]
[2024-03-08 17:04:31,317: INFO: data_transformation: (1199, 12)]
[2024-03-08 17:04:31,318: INFO: data_transformation: (400, 12)]
[2024-03-08 17:04:31,318: INFO: main: --- Stage Data Transformation stage completed ---]
[2024-03-08 17:05:47,079: INFO: main: --- Stage Data Ingestion Stage started ---]
[2024-03-08 17:05:47,082: INFO: common: yaml file: config\config.yaml loaded successfully]
[2024-03-08 17:05:47,083: INFO: common: yaml file: params.yaml loaded successfully]
[2024-03-08 17:05:47,085: INFO: common: yaml file: schema.yaml loaded successfully]
[2024-03-08 17:05:47,086: INFO: common: Directory created at: artifacts]
[2024-03-08 17:05:47,087: INFO: common: Directory created at: artifacts/data_ingestion]
[2024-03-08 17:05:47,088: INFO: data_ingestion: File already exists of size: ~ 23 KB]
[2024-03-08 17:05:47,092: INFO: main: --- Stage Data Ingestion Stage completed ---]
[2024-03-08 17:05:47,092: INFO: main: --- Stage Data Validation stage started ---]
[2024-03-08 17:05:47,095: INFO: common: yaml file: config\config.yaml loaded successfully]
[2024-03-08 17:05:47,096: INFO: common: yaml file: params.yaml loaded successfully]
[2024-03-08 17:05:47,099: INFO: common: yaml file: schema.yaml loaded successfully]
[2024-03-08 17:05:47,100: INFO: common: Directory created at: artifacts]
[2024-03-08 17:05:47,100: INFO: common: Directory created at: artifacts/data_validation]
[2024-03-08 17:05:47,180: INFO: main: --- Stage Data Validation stage completed ---]
[2024-03-08 17:05:47,183: INFO: main: --- Stage Data Transformation stage started ---]
[2024-03-08 17:05:47,190: INFO: common: yaml file: config\config.yaml loaded successfully]
[2024-03-08 17:05:47,191: INFO: common: yaml file: params.yaml loaded successfully]
[2024-03-08 17:05:47,195: INFO: common: yaml file: schema.yaml loaded successfully]
[2024-03-08 17:05:47,196: INFO: common: Directory created at: artifacts]
[2024-03-08 17:05:47,197: INFO: common: Directory created at: artifacts/data_transformation]
[2024-03-08 17:05:47,293: INFO: data_transformation: Input dataset splitted into train and test sets]
[2024-03-08 17:05:47,294: INFO: data_transformation: (1199, 12)]
[2024-03-08 17:05:47,294: INFO: data_transformation: (400, 12)]
[2024-03-08 17:05:47,295: INFO: main: --- Stage Data Transformation stage completed ---]
[2024-03-08 17:10:20,677: INFO: main: --- Stage Data Ingestion started ---]
[2024-03-08 17:10:20,680: INFO: common: yaml file: config\config.yaml loaded successfully]
[2024-03-08 17:10:20,681: INFO: common: yaml file: params.yaml loaded successfully]
[2024-03-08 17:10:20,683: INFO: common: yaml file: schema.yaml loaded successfully]
[2024-03-08 17:10:20,684: INFO: common: Directory created at: artifacts]
[2024-03-08 17:10:20,684: INFO: common: Directory created at: artifacts/data_ingestion]
[2024-03-08 17:10:20,684: INFO: data_ingestion: File already exists of size: ~ 23 KB]
[2024-03-08 17:10:20,687: INFO: main: --- Stage Data Ingestion completed ---

]
[2024-03-08 17:10:20,687: INFO: main: --- Stage Data Validation started ---]
[2024-03-08 17:10:20,690: INFO: common: yaml file: config\config.yaml loaded successfully]
[2024-03-08 17:10:20,691: INFO: common: yaml file: params.yaml loaded successfully]
[2024-03-08 17:10:20,693: INFO: common: yaml file: schema.yaml loaded successfully]
[2024-03-08 17:10:20,693: INFO: common: Directory created at: artifacts]
[2024-03-08 17:10:20,694: INFO: common: Directory created at: artifacts/data_validation]
[2024-03-08 17:10:20,721: INFO: main: --- Stage Data Validation completed ---

]
[2024-03-08 17:10:20,722: INFO: main: --- Stage Data Transformation started ---]
[2024-03-08 17:10:20,726: INFO: common: yaml file: config\config.yaml loaded successfully]
[2024-03-08 17:10:20,728: INFO: common: yaml file: params.yaml loaded successfully]
[2024-03-08 17:10:20,731: INFO: common: yaml file: schema.yaml loaded successfully]
[2024-03-08 17:10:20,732: INFO: common: Directory created at: artifacts]
[2024-03-08 17:10:20,732: INFO: common: Directory created at: artifacts/data_transformation]
[2024-03-08 17:10:20,733: INFO: main: --- Stage Data Transformation completed ---

]
[2024-03-08 17:10:56,061: INFO: main: --- Stage Data Ingestion started ---]
[2024-03-08 17:10:56,064: INFO: common: yaml file: config\config.yaml loaded successfully]
[2024-03-08 17:10:56,065: INFO: common: yaml file: params.yaml loaded successfully]
[2024-03-08 17:10:56,067: INFO: common: yaml file: schema.yaml loaded successfully]
[2024-03-08 17:10:56,068: INFO: common: Directory created at: artifacts]
[2024-03-08 17:10:56,069: INFO: common: Directory created at: artifacts/data_ingestion]
[2024-03-08 17:10:56,069: INFO: data_ingestion: File already exists of size: ~ 23 KB]
[2024-03-08 17:10:56,073: INFO: main: --- Stage Data Ingestion completed ---

]
[2024-03-08 17:10:56,073: INFO: main: --- Stage Data Validation started ---]
[2024-03-08 17:10:56,075: INFO: common: yaml file: config\config.yaml loaded successfully]
[2024-03-08 17:10:56,076: INFO: common: yaml file: params.yaml loaded successfully]
[2024-03-08 17:10:56,078: INFO: common: yaml file: schema.yaml loaded successfully]
[2024-03-08 17:10:56,079: INFO: common: Directory created at: artifacts]
[2024-03-08 17:10:56,080: INFO: common: Directory created at: artifacts/data_validation]
[2024-03-08 17:10:56,147: INFO: main: --- Stage Data Validation completed ---

]
[2024-03-08 17:10:56,163: INFO: main: --- Stage Data Transformation started ---]
[2024-03-08 17:10:56,167: INFO: common: yaml file: config\config.yaml loaded successfully]
[2024-03-08 17:10:56,168: INFO: common: yaml file: params.yaml loaded successfully]
[2024-03-08 17:10:56,172: INFO: common: yaml file: schema.yaml loaded successfully]
[2024-03-08 17:10:56,173: INFO: common: Directory created at: artifacts]
[2024-03-08 17:10:56,174: INFO: common: Directory created at: artifacts/data_transformation]
[2024-03-08 17:10:56,212: INFO: data_transformation: Splited data into training and test sets]
[2024-03-08 17:10:56,212: INFO: data_transformation: (1199, 12)]
[2024-03-08 17:10:56,213: INFO: data_transformation: (400, 12)]
[2024-03-08 17:10:56,214: INFO: main: --- Stage Data Transformation completed ---

]
